1691522515917	geckodriver	INFO	Listening on 127.0.0.1:51955
1691522516427	mozrunner::runner	INFO	Running command: "/Applications/Firefox.app/Contents/MacOS/firefox-bin" "--marionette" "--headless" "--remote-debugging-port" "51956" "-foreground" "-no-remote" "-profile" "/var/folders/4r/k0h0tqnj05l_kgjxtk6zrp000000gn/T/rust_mozprofile2ioGpT"
*** You are running in headless mode.
1691522516820	Marionette	INFO	Marionette enabled
[GFX1-]: RenderCompositorSWGL failed mapping default framebuffer, no dt
console.warn: SearchSettings: "get: No settings file exists, new profile?" (new NotFoundError("Could not open the file at /var/folders/4r/k0h0tqnj05l_kgjxtk6zrp000000gn/T/rust_mozprofile2ioGpT/search.json.mozlz4", (void 0)))
console.error: BackgroundUpdate: 
  _reasonsToNotScheduleUpdates: Failed to check for Maintenance Service Registry Key: [Exception... "Component returned failure code: 0x80004001 (NS_ERROR_NOT_IMPLEMENTED) [nsIUpdateProcessor.getServiceRegKeyExists]"  nsresult: "0x80004001 (NS_ERROR_NOT_IMPLEMENTED)"  location: "JS frame :: resource://gre/modules/BackgroundUpdate.jsm :: _reasonsToNotScheduleUpdates :: line 241"  data: no]
DevTools listening on ws://localhost:51956/devtools/browser/b143d7f9-b9c3-4d82-8c1c-fbd2bdad6e4d
1691522517781	Marionette	INFO	Listening on port 51963
console.warn: TopSitesFeed: Contile provided more links than permitted. (3 received, limit is 2)
1691522517860	RemoteAgent	WARN	TLS certificate errors will be ignored for this session
JavaScript warning: https://www.google.com/js/th/NwNT5Ks8chAEtov-zzFuWPPL2on9ikO4YKEbQljHKv4.js line 2 > eval line 6426 > eval line 1 > eval line 1 > eval, line 1: WEBGL_debug_renderer_info is deprecated in Firefox and will be removed. Please use RENDERER.
1691522546450	Marionette	INFO	Stopped listening on port 51963
JavaScript warning: https://www.google.com/js/th/GHTue7HP-OYh68RD2pmPGEF3VsqSZiiXMqsok83tEUg.js line 2 > eval line 2834 > eval line 1 > eval line 1 > eval, line 1: WEBGL_debug_renderer_info is deprecated in Firefox and will be removed. Please use RENDERER.

###!!! [Parent][PContentParent] Error: Send(msgname=PContent::Reply_DiscardBrowsingContext) Closed channel: cannot send/recv


###!!! [Parent][PContentParent] Error: Send(msgname=PContent::Msg_DestroyBrowsingContextGroup) Closed channel: cannot send/recv

1691522546743	geckodriver	INFO	Listening on 127.0.0.1:52089
1691522546744	geckodriver	INFO	Listening on 127.0.0.1:52087
1691522546746	geckodriver	INFO	Listening on 127.0.0.1:52091
1691522546747	geckodriver	INFO	Listening on 127.0.0.1:52086
1691522546749	geckodriver	INFO	Listening on 127.0.0.1:52081
1691522546751	geckodriver	INFO	Listening on 127.0.0.1:52082
1691522546753	geckodriver	INFO	Listening on 127.0.0.1:52084
1691522546755	geckodriver	INFO	Listening on 127.0.0.1:52085
1691522546758	geckodriver	INFO	Listening on 127.0.0.1:52097
1691522546759	geckodriver	INFO	Listening on 127.0.0.1:52100
1691522546763	geckodriver	INFO	Listening on 127.0.0.1:52101
1691522546764	geckodriver	INFO	Listening on 127.0.0.1:52099
1691522546766	geckodriver	INFO	Listening on 127.0.0.1:52098
1691522546771	geckodriver	INFO	Listening on 127.0.0.1:52130
1691522546776	mozrunner::runner	INFO	Running command: "/Applications/Firefox.app/Contents/MacOS/firefox-bin" "--marionette" "--headless" "--remote-debugging-port" "52095" "-foreground" "-no-remote" "-profile" "/var/folders/4r/k0h0tqnj05l_kgjxtk6zrp000000gn/T/rust_mozprofilelLZWAL"
1691522546781	mozrunner::runner	INFO	Running command: "/Applications/Firefox.app/Contents/MacOS/firefox-bin" "--marionette" "--headless" "--remote-debugging-port" "52093" "-foreground" "-no-remote" "-profile" "/var/folders/4r/k0h0tqnj05l_kgjxtk6zrp000000gn/T/rust_mozprofile64wRsp"
1691522546782	mozrunner::runner	INFO	Running command: "/Applications/Firefox.app/Contents/MacOS/firefox-bin" "--marionette" "--headless" "--remote-debugging-port" "52083" "-foreground" "-no-remote" "-profile" "/var/folders/4r/k0h0tqnj05l_kgjxtk6zrp000000gn/T/rust_mozprofileP1YYDz"
1691522546789	mozrunner::runner	INFO	Running command: "/Applications/Firefox.app/Contents/MacOS/firefox-bin" "--marionette" "--headless" "--remote-debugging-port" "52096" "-foreground" "-no-remote" "-profile" "/var/folders/4r/k0h0tqnj05l_kgjxtk6zrp000000gn/T/rust_mozprofileHKKL7C"
1691522546790	mozrunner::runner	INFO	Running command: "/Applications/Firefox.app/Contents/MacOS/firefox-bin" "--marionette" "--headless" "--remote-debugging-port" "52092" "-foreground" "-no-remote" "-profile" "/var/folders/4r/k0h0tqnj05l_kgjxtk6zrp000000gn/T/rust_mozprofileGMb6qK"
1691522546791	mozrunner::runner	INFO	Running command: "/Applications/Firefox.app/Contents/MacOS/firefox-bin" "--marionette" "--headless" "--remote-debugging-port" "52102" "-foreground" "-no-remote" "-profile" "/var/folders/4r/k0h0tqnj05l_kgjxtk6zrp000000gn/T/rust_mozprofileRSpJNO"
1691522546794	mozrunner::runner	INFO	Running command: "/Applications/Firefox.app/Contents/MacOS/firefox-bin" "--marionette" "--headless" "--remote-debugging-port" "52106" "-foreground" "-no-remote" "-profile" "/var/folders/4r/k0h0tqnj05l_kgjxtk6zrp000000gn/T/rust_mozprofileaXVQw2"
1691522546794	mozrunner::runner	INFO	Running command: "/Applications/Firefox.app/Contents/MacOS/firefox-bin" "--marionette" "--headless" "--remote-debugging-port" "52088" "-foreground" "-no-remote" "-profile" "/var/folders/4r/k0h0tqnj05l_kgjxtk6zrp000000gn/T/rust_mozprofilec60mci"
1691522546795	mozrunner::runner	INFO	Running command: "/Applications/Firefox.app/Contents/MacOS/firefox-bin" "--marionette" "--headless" "--remote-debugging-port" "52136" "-foreground" "-no-remote" "-profile" "/var/folders/4r/k0h0tqnj05l_kgjxtk6zrp000000gn/T/rust_mozprofileTgLMOj"
1691522546795	mozrunner::runner	INFO	Running command: "/Applications/Firefox.app/Contents/MacOS/firefox-bin" "--marionette" "--headless" "--remote-debugging-port" "52108" "-foreground" "-no-remote" "-profile" "/var/folders/4r/k0h0tqnj05l_kgjxtk6zrp000000gn/T/rust_mozprofiletyog0P"
1691522546795	mozrunner::runner	INFO	Running command: "/Applications/Firefox.app/Contents/MacOS/firefox-bin" "--marionette" "--headless" "--remote-debugging-port" "52090" "-foreground" "-no-remote" "-profile" "/var/folders/4r/k0h0tqnj05l_kgjxtk6zrp000000gn/T/rust_mozprofileHD6YOy"
1691522546796	mozrunner::runner	INFO	Running command: "/Applications/Firefox.app/Contents/MacOS/firefox-bin" "--marionette" "--headless" "--remote-debugging-port" "52103" "-foreground" "-no-remote" "-profile" "/var/folders/4r/k0h0tqnj05l_kgjxtk6zrp000000gn/T/rust_mozprofilelHTKuj"
1691522546796	mozrunner::runner	INFO	Running command: "/Applications/Firefox.app/Contents/MacOS/firefox-bin" "--marionette" "--headless" "--remote-debugging-port" "52104" "-foreground" "-no-remote" "-profile" "/var/folders/4r/k0h0tqnj05l_kgjxtk6zrp000000gn/T/rust_mozprofileymkC3k"
1691522546796	mozrunner::runner	INFO	Running command: "/Applications/Firefox.app/Contents/MacOS/firefox-bin" "--marionette" "--headless" "--remote-debugging-port" "52094" "-foreground" "-no-remote" "-profile" "/var/folders/4r/k0h0tqnj05l_kgjxtk6zrp000000gn/T/rust_mozprofileXVwpbV"
*** You are running in headless mode.
*** You are running in headless mode.
*** You are running in headless mode.
*** You are running in headless mode.
*** You are running in headless mode.
*** You are running in headless mode.
*** You are running in headless mode.
*** You are running in headless mode.
*** You are running in headless mode.
*** You are running in headless mode.
*** You are running in headless mode.
*** You are running in headless mode.
*** You are running in headless mode.
*** You are running in headless mode.
1691522558756	Marionette	INFO	Marionette enabled
1691522558767	Marionette	INFO	Marionette enabled
1691522558772	Marionette	INFO	Marionette enabled
1691522558814	Marionette	INFO	Marionette enabled
1691522558817	Marionette	INFO	Marionette enabled
1691522558846	Marionette	INFO	Marionette enabled
1691522558865	Marionette	INFO	Marionette enabled
1691522558947	Marionette	INFO	Marionette enabled
1691522558952	Marionette	INFO	Marionette enabled
1691522558963	Marionette	INFO	Marionette enabled
1691522558981	Marionette	INFO	Marionette enabled
1691522558982	Marionette	INFO	Marionette enabled
1691522559017	Marionette	INFO	Marionette enabled
1691522559027	Marionette	INFO	Marionette enabled
[GFX1-]: RenderCompositorSWGL failed mapping default framebuffer, no dt
[GFX1-]: RenderCompositorSWGL failed mapping default framebuffer, no dt
[GFX1-]: RenderCompositorSWGL failed mapping default framebuffer, no dt
[GFX1-]: RenderCompositorSWGL failed mapping default framebuffer, no dt
[GFX1-]: RenderCompositorSWGL failed mapping default framebuffer, no dt
[GFX1-]: RenderCompositorSWGL failed mapping default framebuffer, no dt
[GFX1-]: RenderCompositorSWGL failed mapping default framebuffer, no dt
[GFX1-]: RenderCompositorSWGL failed mapping default framebuffer, no dt
[GFX1-]: RenderCompositorSWGL failed mapping default framebuffer, no dt
console.warn: SearchSettings: "get: No settings file exists, new profile?" (new NotFoundError("Could not open the file at /var/folders/4r/k0h0tqnj05l_kgjxtk6zrp000000gn/T/rust_mozprofileymkC3k/search.json.mozlz4", (void 0)))
[GFX1-]: RenderCompositorSWGL failed mapping default framebuffer, no dt
[GFX1-]: RenderCompositorSWGL failed mapping default framebuffer, no dt
[GFX1-]: RenderCompositorSWGL failed mapping default framebuffer, no dt
console.warn: SearchSettings: "get: No settings file exists, new profile?" (new NotFoundError("Could not open the file at /var/folders/4r/k0h0tqnj05l_kgjxtk6zrp000000gn/T/rust_mozprofileXVwpbV/search.json.mozlz4", (void 0)))
console.warn: SearchSettings: "get: No settings file exists, new profile?" (new NotFoundError("Could not open the file at /var/folders/4r/k0h0tqnj05l_kgjxtk6zrp000000gn/T/rust_mozprofile64wRsp/search.json.mozlz4", (void 0)))
console.warn: SearchSettings: "get: No settings file exists, new profile?" (new NotFoundError("Could not open the file at /var/folders/4r/k0h0tqnj05l_kgjxtk6zrp000000gn/T/rust_mozprofilelHTKuj/search.json.mozlz4", (void 0)))
console.warn: SearchSettings: "get: No settings file exists, new profile?" (new NotFoundError("Could not open the file at /var/folders/4r/k0h0tqnj05l_kgjxtk6zrp000000gn/T/rust_mozprofileGMb6qK/search.json.mozlz4", (void 0)))
[GFX1-]: RenderCompositorSWGL failed mapping default framebuffer, no dt
[GFX1-]: RenderCompositorSWGL failed mapping default framebuffer, no dt
console.warn: SearchSettings: "get: No settings file exists, new profile?" (new NotFoundError("Could not open the file at /var/folders/4r/k0h0tqnj05l_kgjxtk6zrp000000gn/T/rust_mozprofiletyog0P/search.json.mozlz4", (void 0)))
console.warn: SearchSettings: "get: No settings file exists, new profile?" (new NotFoundError("Could not open the file at /var/folders/4r/k0h0tqnj05l_kgjxtk6zrp000000gn/T/rust_mozprofileHD6YOy/search.json.mozlz4", (void 0)))
console.warn: SearchSettings: "get: No settings file exists, new profile?" (new NotFoundError("Could not open the file at /var/folders/4r/k0h0tqnj05l_kgjxtk6zrp000000gn/T/rust_mozprofilec60mci/search.json.mozlz4", (void 0)))
console.warn: SearchSettings: "get: No settings file exists, new profile?" (new NotFoundError("Could not open the file at /var/folders/4r/k0h0tqnj05l_kgjxtk6zrp000000gn/T/rust_mozprofileaXVQw2/search.json.mozlz4", (void 0)))
console.warn: SearchSettings: "get: No settings file exists, new profile?" (new NotFoundError("Could not open the file at /var/folders/4r/k0h0tqnj05l_kgjxtk6zrp000000gn/T/rust_mozprofileRSpJNO/search.json.mozlz4", (void 0)))
console.warn: SearchSettings: "get: No settings file exists, new profile?" (new NotFoundError("Could not open the file at /var/folders/4r/k0h0tqnj05l_kgjxtk6zrp000000gn/T/rust_mozprofileTgLMOj/search.json.mozlz4", (void 0)))
console.warn: SearchSettings: "get: No settings file exists, new profile?" (new NotFoundError("Could not open the file at /var/folders/4r/k0h0tqnj05l_kgjxtk6zrp000000gn/T/rust_mozprofileP1YYDz/search.json.mozlz4", (void 0)))
console.warn: SearchSettings: "get: No settings file exists, new profile?" (new NotFoundError("Could not open the file at /var/folders/4r/k0h0tqnj05l_kgjxtk6zrp000000gn/T/rust_mozprofilelLZWAL/search.json.mozlz4", (void 0)))
console.warn: SearchSettings: "get: No settings file exists, new profile?" (new NotFoundError("Could not open the file at /var/folders/4r/k0h0tqnj05l_kgjxtk6zrp000000gn/T/rust_mozprofileHKKL7C/search.json.mozlz4", (void 0)))
console.warn: TopSitesFeed: Contile provided more links than permitted. (3 received, limit is 2)
console.warn: TopSitesFeed: Contile provided more links than permitted. (3 received, limit is 2)
console.warn: TopSitesFeed: Contile provided more links than permitted. (3 received, limit is 2)
console.warn: TopSitesFeed: Contile provided more links than permitted. (3 received, limit is 2)
console.warn: TopSitesFeed: Contile provided more links than permitted. (3 received, limit is 2)
console.warn: TopSitesFeed: Contile provided more links than permitted. (3 received, limit is 2)
console.warn: TopSitesFeed: Contile provided more links than permitted. (3 received, limit is 2)
console.warn: TopSitesFeed: Contile provided more links than permitted. (3 received, limit is 2)
console.warn: TopSitesFeed: Contile provided more links than permitted. (3 received, limit is 2)
console.warn: TopSitesFeed: Contile provided more links than permitted. (3 received, limit is 2)
console.warn: TopSitesFeed: Contile provided more links than permitted. (3 received, limit is 2)
console.warn: TopSitesFeed: Contile provided more links than permitted. (3 received, limit is 2)
console.warn: TopSitesFeed: Contile provided more links than permitted. (3 received, limit is 2)
console.error: BackgroundUpdate: 
  _reasonsToNotScheduleUpdates: Failed to check for Maintenance Service Registry Key: [Exception... "Component returned failure code: 0x80004001 (NS_ERROR_NOT_IMPLEMENTED) [nsIUpdateProcessor.getServiceRegKeyExists]"  nsresult: "0x80004001 (NS_ERROR_NOT_IMPLEMENTED)"  location: "JS frame :: resource://gre/modules/BackgroundUpdate.jsm :: _reasonsToNotScheduleUpdates :: line 241"  data: no]
console.error: BackgroundUpdate: 
  _reasonsToNotScheduleUpdates: Failed to check for Maintenance Service Registry Key: [Exception... "Component returned failure code: 0x80004001 (NS_ERROR_NOT_IMPLEMENTED) [nsIUpdateProcessor.getServiceRegKeyExists]"  nsresult: "0x80004001 (NS_ERROR_NOT_IMPLEMENTED)"  location: "JS frame :: resource://gre/modules/BackgroundUpdate.jsm :: _reasonsToNotScheduleUpdates :: line 241"  data: no]
console.error: BackgroundUpdate: 
  _reasonsToNotScheduleUpdates: Failed to check for Maintenance Service Registry Key: [Exception... "Component returned failure code: 0x80004001 (NS_ERROR_NOT_IMPLEMENTED) [nsIUpdateProcessor.getServiceRegKeyExists]"  nsresult: "0x80004001 (NS_ERROR_NOT_IMPLEMENTED)"  location: "JS frame :: resource://gre/modules/BackgroundUpdate.jsm :: _reasonsToNotScheduleUpdates :: line 241"  data: no]
DevTools listening on ws://localhost:52092/devtools/browser/81d273a7-8ddf-4235-9715-441a829d1c91
DevTools listening on ws://localhost:52104/devtools/browser/64b5851e-678c-4748-88de-c68692aaae2c
DevTools listening on ws://localhost:52093/devtools/browser/8c58f812-ca3a-40a3-9b02-4e4b341438c4
console.warn: TopSitesFeed: Contile provided more links than permitted. (3 received, limit is 2)
console.error: BackgroundUpdate: 
  _reasonsToNotScheduleUpdates: Failed to check for Maintenance Service Registry Key: [Exception... "Component returned failure code: 0x80004001 (NS_ERROR_NOT_IMPLEMENTED) [nsIUpdateProcessor.getServiceRegKeyExists]"  nsresult: "0x80004001 (NS_ERROR_NOT_IMPLEMENTED)"  location: "JS frame :: resource://gre/modules/BackgroundUpdate.jsm :: _reasonsToNotScheduleUpdates :: line 241"  data: no]
1691522561032	Marionette	INFO	Listening on port 52142
1691522561049	Marionette	INFO	Listening on port 52166
DevTools listening on ws://localhost:52094/devtools/browser/c07d18c4-2940-4482-ba22-473a74e7aa99
console.error: BackgroundUpdate: 
  _reasonsToNotScheduleUpdates: Failed to check for Maintenance Service Registry Key: [Exception... "Component returned failure code: 0x80004001 (NS_ERROR_NOT_IMPLEMENTED) [nsIUpdateProcessor.getServiceRegKeyExists]"  nsresult: "0x80004001 (NS_ERROR_NOT_IMPLEMENTED)"  location: "JS frame :: resource://gre/modules/BackgroundUpdate.jsm :: _reasonsToNotScheduleUpdates :: line 241"  data: no]
1691522561104	Marionette	INFO	Listening on port 52177
console.error: BackgroundUpdate: 
  _reasonsToNotScheduleUpdates: Failed to check for Maintenance Service Registry Key: [Exception... "Component returned failure code: 0x80004001 (NS_ERROR_NOT_IMPLEMENTED) [nsIUpdateProcessor.getServiceRegKeyExists]"  nsresult: "0x80004001 (NS_ERROR_NOT_IMPLEMENTED)"  location: "JS frame :: resource://gre/modules/BackgroundUpdate.jsm :: _reasonsToNotScheduleUpdates :: line 241"  data: no]
1691522561122	RemoteAgent	WARN	TLS certificate errors will be ignored for this session
1691522561130	RemoteAgent	WARN	TLS certificate errors will be ignored for this session
1691522561130	RemoteAgent	WARN	TLS certificate errors will be ignored for this session
console.error: BackgroundUpdate: 
  _reasonsToNotScheduleUpdates: Failed to check for Maintenance Service Registry Key: [Exception... "Component returned failure code: 0x80004001 (NS_ERROR_NOT_IMPLEMENTED) [nsIUpdateProcessor.getServiceRegKeyExists]"  nsresult: "0x80004001 (NS_ERROR_NOT_IMPLEMENTED)"  location: "JS frame :: resource://gre/modules/BackgroundUpdate.jsm :: _reasonsToNotScheduleUpdates :: line 241"  data: no]
DevTools listening on ws://localhost:52090/devtools/browser/c4c0cc70-729a-4d71-a46d-c8ce7d0ae0c7
console.error: BackgroundUpdate: 
  _reasonsToNotScheduleUpdates: Failed to check for Maintenance Service Registry Key: [Exception... "Component returned failure code: 0x80004001 (NS_ERROR_NOT_IMPLEMENTED) [nsIUpdateProcessor.getServiceRegKeyExists]"  nsresult: "0x80004001 (NS_ERROR_NOT_IMPLEMENTED)"  location: "JS frame :: resource://gre/modules/BackgroundUpdate.jsm :: _reasonsToNotScheduleUpdates :: line 241"  data: no]
DevTools listening on ws://localhost:52088/devtools/browser/78f5e633-7ea3-431a-b19c-4b24812b0a22
DevTools listening on ws://localhost:52102/devtools/browser/a2340c72-c1c1-4ec3-b49b-67a843e6966e
1691522561204	Marionette	INFO	Listening on port 52174
1691522561212	Marionette	INFO	Listening on port 52175
console.error: BackgroundUpdate: 
  _reasonsToNotScheduleUpdates: Failed to check for Maintenance Service Registry Key: [Exception... "Component returned failure code: 0x80004001 (NS_ERROR_NOT_IMPLEMENTED) [nsIUpdateProcessor.getServiceRegKeyExists]"  nsresult: "0x80004001 (NS_ERROR_NOT_IMPLEMENTED)"  location: "JS frame :: resource://gre/modules/BackgroundUpdate.jsm :: _reasonsToNotScheduleUpdates :: line 241"  data: no]
console.error: BackgroundUpdate: 
  _reasonsToNotScheduleUpdates: Failed to check for Maintenance Service Registry Key: [Exception... "Component returned failure code: 0x80004001 (NS_ERROR_NOT_IMPLEMENTED) [nsIUpdateProcessor.getServiceRegKeyExists]"  nsresult: "0x80004001 (NS_ERROR_NOT_IMPLEMENTED)"  location: "JS frame :: resource://gre/modules/BackgroundUpdate.jsm :: _reasonsToNotScheduleUpdates :: line 241"  data: no]
console.error: BackgroundUpdate: 
  _reasonsToNotScheduleUpdates: Failed to check for Maintenance Service Registry Key: [Exception... "Component returned failure code: 0x80004001 (NS_ERROR_NOT_IMPLEMENTED) [nsIUpdateProcessor.getServiceRegKeyExists]"  nsresult: "0x80004001 (NS_ERROR_NOT_IMPLEMENTED)"  location: "JS frame :: resource://gre/modules/BackgroundUpdate.jsm :: _reasonsToNotScheduleUpdates :: line 241"  data: no]
console.error: BackgroundUpdate: 
  _reasonsToNotScheduleUpdates: Failed to check for Maintenance Service Registry Key: [Exception... "Component returned failure code: 0x80004001 (NS_ERROR_NOT_IMPLEMENTED) [nsIUpdateProcessor.getServiceRegKeyExists]"  nsresult: "0x80004001 (NS_ERROR_NOT_IMPLEMENTED)"  location: "JS frame :: resource://gre/modules/BackgroundUpdate.jsm :: _reasonsToNotScheduleUpdates :: line 241"  data: no]
console.error: BackgroundUpdate: 
  _reasonsToNotScheduleUpdates: Failed to check for Maintenance Service Registry Key: [Exception... "Component returned failure code: 0x80004001 (NS_ERROR_NOT_IMPLEMENTED) [nsIUpdateProcessor.getServiceRegKeyExists]"  nsresult: "0x80004001 (NS_ERROR_NOT_IMPLEMENTED)"  location: "JS frame :: resource://gre/modules/BackgroundUpdate.jsm :: _reasonsToNotScheduleUpdates :: line 241"  data: no]
1691522561342	RemoteAgent	WARN	TLS certificate errors will be ignored for this session
1691522561336	Marionette	INFO	Listening on port 52173
DevTools listening on ws://localhost:52106/devtools/browser/aeb37df6-96a0-4036-a19b-c14d9bf40488
console.error: BackgroundUpdate: 
  _reasonsToNotScheduleUpdates: Failed to check for Maintenance Service Registry Key: [Exception... "Component returned failure code: 0x80004001 (NS_ERROR_NOT_IMPLEMENTED) [nsIUpdateProcessor.getServiceRegKeyExists]"  nsresult: "0x80004001 (NS_ERROR_NOT_IMPLEMENTED)"  location: "JS frame :: resource://gre/modules/BackgroundUpdate.jsm :: _reasonsToNotScheduleUpdates :: line 241"  data: no]
1691522561371	RemoteAgent	WARN	TLS certificate errors will be ignored for this session
DevTools listening on ws://localhost:52096/devtools/browser/ebf4dfad-276a-4966-95c9-e32145d93756
DevTools listening on ws://localhost:52108/devtools/browser/b05e9dfd-a46a-4968-9ef9-a033dccc37b9
DevTools listening on ws://localhost:52083/devtools/browser/ca292262-7833-47ab-b967-9abc4eefca12
1691522561409	Marionette	INFO	Listening on port 52140
1691522561435	RemoteAgent	WARN	TLS certificate errors will be ignored for this session
DevTools listening on ws://localhost:52103/devtools/browser/6bf9ae53-fb7c-4ec8-be40-6dc79c757a05
1691522561461	Marionette	INFO	Listening on port 52165
1691522561482	Marionette	INFO	Listening on port 52179
1691522561493	Marionette	INFO	Listening on port 52178
1691522561493	RemoteAgent	WARN	TLS certificate errors will be ignored for this session
DevTools listening on ws://localhost:52095/devtools/browser/50cef78a-8c2f-4ce3-8deb-ba63a7ccfa94
DevTools listening on ws://localhost:52136/devtools/browser/36da6c51-b6e8-4424-9c0a-ca195c1472a8
1691522561522	RemoteAgent	WARN	TLS certificate errors will be ignored for this session
1691522561532	Marionette	INFO	Listening on port 52162
1691522561543	Marionette	INFO	Listening on port 52176
1691522561564	RemoteAgent	WARN	TLS certificate errors will be ignored for this session
1691522561568	RemoteAgent	WARN	TLS certificate errors will be ignored for this session
1691522561580	RemoteAgent	WARN	TLS certificate errors will be ignored for this session
1691522561630	Marionette	INFO	Listening on port 52181
1691522561640	RemoteAgent	WARN	TLS certificate errors will be ignored for this session
1691522561645	RemoteAgent	WARN	TLS certificate errors will be ignored for this session
1691522561691	Marionette	INFO	Listening on port 52139
1691522561779	RemoteAgent	WARN	TLS certificate errors will be ignored for this session
1691522564731	Marionette	INFO	Stopped listening on port 52179
1691522564900	Marionette	INFO	Stopped listening on port 52177
1691522565109	Marionette	INFO	Stopped listening on port 52165
console.error: QuickSuggest: (new TypeError("NetworkError: Network request failed", "resource://services-settings/Utils.jsm", 132))

###!!! [Child][PContentChild] Error: RunMessage(msgname=PHttpChannel::Msg_DeleteSelf) Channel closing: too late to send/recv, messages will be lost


###!!! [Child][PContentChild] Error: RunMessage(msgname=PWebSocket::Msg___delete__) Channel closing: too late to send/recv, messages will be lost


###!!! [Child][PContentChild] Error: RunMessage(msgname=PWebSocket::Msg___delete__) Channel closing: too late to send/recv, messages will be lost


###!!! [Child][PContentChild] Error: RunMessage(msgname=PWebSocket::Msg___delete__) Channel closing: too late to send/recv, messages will be lost

console.error: QuickSuggest: (new TypeError("NetworkError: Network request failed", "resource://services-settings/Utils.jsm", 132))
console.error: QuickSuggest: (new TypeError("NetworkError: Network request failed", "resource://services-settings/Utils.jsm", 132))
1691522568096	Marionette	INFO	Stopped listening on port 52176

###!!! [Parent][PImageBridgeParent] Error: RunMessage(msgname=PImageBridge::Msg_WillClose) Channel closing: too late to send/recv, messages will be lost

console.error: QuickSuggest: (new TypeError("NetworkError: Network request failed", "resource://services-settings/Utils.jsm", 132))
1691522568825	Marionette	INFO	Stopped listening on port 52178
console.error: QuickSuggest: (new TypeError("NetworkError: Network request failed", "resource://services-settings/Utils.jsm", 132))
1691522578337	Marionette	INFO	Stopped listening on port 52181
1691523469012	Marionette	INFO	Stopped listening on port 52139
1691523469015	Marionette	INFO	Stopped listening on port 52173

###!!! [Child][PContentChild] Error: RunMessage(msgname=PHttpChannel::Msg_DeleteSelf) Channel closing: too late to send/recv, messages will be lost


###!!! [Child][PContentChild] Error: RunMessage(msgname=PContent::Msg_DestroyBrowsingContextGroup) Channel closing: too late to send/recv, messages will be lost


###!!! [Child][PContentChild] Error: RunMessage(msgname=PWebSocket::Msg___delete__) Channel closing: too late to send/recv, messages will be lost


###!!! [Child][PContentChild] Error: RunMessage(msgname=PWebSocket::Msg___delete__) Channel closing: too late to send/recv, messages will be lost


###!!! [Parent][PImageBridgeParent] Error: RunMessage(msgname=PImageBridge::Msg_WillClose) Channel closing: too late to send/recv, messages will be lost

1691523470021	Marionette	INFO	Stopped listening on port 52142
1691523593387	Marionette	INFO	Stopped listening on port 52162
1691523593389	Marionette	INFO	Stopped listening on port 52140
1691523594144	Marionette	INFO	Stopped listening on port 52175
1691523596135	Marionette	INFO	Stopped listening on port 52174

###!!! [Parent][PImageBridgeParent] Error: RunMessage(msgname=PImageBridge::Msg_WillClose) Channel closing: too late to send/recv, messages will be lost

1691523596453	Marionette	INFO	Stopped listening on port 52166
1691610991184	geckodriver	INFO	Listening on 127.0.0.1:56595
1691610991711	mozrunner::runner	INFO	Running command: "/Applications/Firefox.app/Contents/MacOS/firefox-bin" "--marionette" "--headless" "--remote-debugging-port" "56596" "-foreground" "-no-remote" "-profile" "/var/folders/4r/k0h0tqnj05l_kgjxtk6zrp000000gn/T/rust_mozprofile6utWjs"
*** You are running in headless mode.
1691610992145	Marionette	INFO	Marionette enabled
[GFX1-]: RenderCompositorSWGL failed mapping default framebuffer, no dt
console.warn: SearchSettings: "get: No settings file exists, new profile?" (new NotFoundError("Could not open the file at /var/folders/4r/k0h0tqnj05l_kgjxtk6zrp000000gn/T/rust_mozprofile6utWjs/search.json.mozlz4", (void 0)))
console.error: BackgroundUpdate: 
  _reasonsToNotScheduleUpdates: Failed to check for Maintenance Service Registry Key: [Exception... "Component returned failure code: 0x80004001 (NS_ERROR_NOT_IMPLEMENTED) [nsIUpdateProcessor.getServiceRegKeyExists]"  nsresult: "0x80004001 (NS_ERROR_NOT_IMPLEMENTED)"  location: "JS frame :: resource://gre/modules/BackgroundUpdate.jsm :: _reasonsToNotScheduleUpdates :: line 241"  data: no]
DevTools listening on ws://localhost:56596/devtools/browser/89bb35f2-3c20-48e8-bd27-9d61c2a1e944
1691610992954	Marionette	INFO	Listening on port 56603
1691610993028	RemoteAgent	WARN	TLS certificate errors will be ignored for this session
console.warn: TopSitesFeed: Contile provided more links than permitted. (3 received, limit is 2)
JavaScript warning: https://www.google.com/js/th/GHTue7HP-OYh68RD2pmPGEF3VsqSZiiXMqsok83tEUg.js line 2 > eval line 7113 > eval line 1 > eval line 1 > eval, line 1: WEBGL_debug_renderer_info is deprecated in Firefox and will be removed. Please use RENDERER.
1691610997647	Marionette	INFO	Stopped listening on port 56603
JavaScript warning: https://www.google.com/js/th/fnNuEzs24mRQlbK21DZtKV22nMH7X01sNng58lRaPJg.js line 2 > eval line 3791 > eval line 1 > eval line 1 > eval, line 1: WEBGL_debug_renderer_info is deprecated in Firefox and will be removed. Please use RENDERER.

###!!! [Parent][PContentParent] Error: Send(msgname=PContent::Reply_DiscardBrowsingContext) Closed channel: cannot send/recv


###!!! [Parent][PContentParent] Error: Send(msgname=PContent::Msg_DestroyBrowsingContextGroup) Closed channel: cannot send/recv

JavaScript error: resource://gre/modules/Sqlite.jsm, line 1105: Error: Sqlite.jsm has been shutdown. Cannot open connection to: /var/folders/4r/k0h0tqnj05l_kgjxtk6zrp000000gn/T/rust_mozprofile6utWjs/protections.sqlite
console.error: QuickSuggest: (new TypeError("NetworkError: Network request failed", "resource://services-settings/Utils.jsm", 132))

###!!! [Parent][PImageBridgeParent] Error: RunMessage(msgname=PImageBridge::Msg_WillClose) Channel closing: too late to send/recv, messages will be lost

1691610997918	geckodriver	INFO	Listening on 127.0.0.1:56707
1691610997919	geckodriver	INFO	Listening on 127.0.0.1:56705
1691610997920	geckodriver	INFO	Listening on 127.0.0.1:56703
1691610997922	geckodriver	INFO	Listening on 127.0.0.1:56702
1691610997926	geckodriver	INFO	Listening on 127.0.0.1:56706
1691610997932	mozrunner::runner	INFO	Running command: "/Applications/Firefox.app/Contents/MacOS/firefox-bin" "--marionette" "--headless" "--remote-debugging-port" "56709" "-foreground" "-no-remote" "-profile" "/var/folders/4r/k0h0tqnj05l_kgjxtk6zrp000000gn/T/rust_mozprofilejYwEno"
1691610997933	mozrunner::runner	INFO	Running command: "/Applications/Firefox.app/Contents/MacOS/firefox-bin" "--marionette" "--headless" "--remote-debugging-port" "56704" "-foreground" "-no-remote" "-profile" "/var/folders/4r/k0h0tqnj05l_kgjxtk6zrp000000gn/T/rust_mozprofilelATDOv"
1691610997933	mozrunner::runner	INFO	Running command: "/Applications/Firefox.app/Contents/MacOS/firefox-bin" "--marionette" "--headless" "--remote-debugging-port" "56708" "-foreground" "-no-remote" "-profile" "/var/folders/4r/k0h0tqnj05l_kgjxtk6zrp000000gn/T/rust_mozprofileUPu8Ax"
1691610997933	mozrunner::runner	INFO	Running command: "/Applications/Firefox.app/Contents/MacOS/firefox-bin" "--marionette" "--headless" "--remote-debugging-port" "56711" "-foreground" "-no-remote" "-profile" "/var/folders/4r/k0h0tqnj05l_kgjxtk6zrp000000gn/T/rust_mozprofiledz9FEj"
1691610997941	mozrunner::runner	INFO	Running command: "/Applications/Firefox.app/Contents/MacOS/firefox-bin" "--marionette" "--headless" "--remote-debugging-port" "56710" "-foreground" "-no-remote" "-profile" "/var/folders/4r/k0h0tqnj05l_kgjxtk6zrp000000gn/T/rust_mozprofilegkNrTh"
*** You are running in headless mode.
*** You are running in headless mode.
*** You are running in headless mode.
*** You are running in headless mode.
*** You are running in headless mode.
1691611031833	Marionette	INFO	Marionette enabled
1691611031833	Marionette	INFO	Marionette enabled
1691611031839	Marionette	INFO	Marionette enabled
1691611031842	Marionette	INFO	Marionette enabled
1691611031851	Marionette	INFO	Marionette enabled
[GFX1-]: RenderCompositorSWGL failed mapping default framebuffer, no dt
[GFX1-]: RenderCompositorSWGL failed mapping default framebuffer, no dt
[GFX1-]: RenderCompositorSWGL failed mapping default framebuffer, no dt
[GFX1-]: RenderCompositorSWGL failed mapping default framebuffer, no dt
[GFX1-]: RenderCompositorSWGL failed mapping default framebuffer, no dt
console.warn: SearchSettings: "get: No settings file exists, new profile?" (new NotFoundError("Could not open the file at /var/folders/4r/k0h0tqnj05l_kgjxtk6zrp000000gn/T/rust_mozprofilegkNrTh/search.json.mozlz4", (void 0)))
console.warn: SearchSettings: "get: No settings file exists, new profile?" (new NotFoundError("Could not open the file at /var/folders/4r/k0h0tqnj05l_kgjxtk6zrp000000gn/T/rust_mozprofilejYwEno/search.json.mozlz4", (void 0)))
console.warn: SearchSettings: "get: No settings file exists, new profile?" (new NotFoundError("Could not open the file at /var/folders/4r/k0h0tqnj05l_kgjxtk6zrp000000gn/T/rust_mozprofileUPu8Ax/search.json.mozlz4", (void 0)))
console.warn: SearchSettings: "get: No settings file exists, new profile?" (new NotFoundError("Could not open the file at /var/folders/4r/k0h0tqnj05l_kgjxtk6zrp000000gn/T/rust_mozprofilelATDOv/search.json.mozlz4", (void 0)))
console.warn: SearchSettings: "get: No settings file exists, new profile?" (new NotFoundError("Could not open the file at /var/folders/4r/k0h0tqnj05l_kgjxtk6zrp000000gn/T/rust_mozprofiledz9FEj/search.json.mozlz4", (void 0)))
console.warn: TopSitesFeed: Contile provided more links than permitted. (3 received, limit is 2)
console.warn: TopSitesFeed: Contile provided more links than permitted. (3 received, limit is 2)
console.warn: TopSitesFeed: Contile provided more links than permitted. (3 received, limit is 2)
console.error: BackgroundUpdate: 
  _reasonsToNotScheduleUpdates: Failed to check for Maintenance Service Registry Key: [Exception... "Component returned failure code: 0x80004001 (NS_ERROR_NOT_IMPLEMENTED) [nsIUpdateProcessor.getServiceRegKeyExists]"  nsresult: "0x80004001 (NS_ERROR_NOT_IMPLEMENTED)"  location: "JS frame :: resource://gre/modules/BackgroundUpdate.jsm :: _reasonsToNotScheduleUpdates :: line 241"  data: no]
DevTools listening on ws://localhost:56710/devtools/browser/89b3a2a3-d6d6-4be3-8161-030701c6c85a
console.warn: TopSitesFeed: Contile provided more links than permitted. (3 received, limit is 2)
console.warn: TopSitesFeed: Contile provided more links than permitted. (3 received, limit is 2)
console.error: BackgroundUpdate: 
  _reasonsToNotScheduleUpdates: Failed to check for Maintenance Service Registry Key: [Exception... "Component returned failure code: 0x80004001 (NS_ERROR_NOT_IMPLEMENTED) [nsIUpdateProcessor.getServiceRegKeyExists]"  nsresult: "0x80004001 (NS_ERROR_NOT_IMPLEMENTED)"  location: "JS frame :: resource://gre/modules/BackgroundUpdate.jsm :: _reasonsToNotScheduleUpdates :: line 241"  data: no]
console.error: BackgroundUpdate: 
  _reasonsToNotScheduleUpdates: Failed to check for Maintenance Service Registry Key: [Exception... "Component returned failure code: 0x80004001 (NS_ERROR_NOT_IMPLEMENTED) [nsIUpdateProcessor.getServiceRegKeyExists]"  nsresult: "0x80004001 (NS_ERROR_NOT_IMPLEMENTED)"  location: "JS frame :: resource://gre/modules/BackgroundUpdate.jsm :: _reasonsToNotScheduleUpdates :: line 241"  data: no]
DevTools listening on ws://localhost:56704/devtools/browser/3620edba-1c33-45ea-a2eb-fb2533d7e50b
console.error: BackgroundUpdate: 
  _reasonsToNotScheduleUpdates: Failed to check for Maintenance Service Registry Key: [Exception... "Component returned failure code: 0x80004001 (NS_ERROR_NOT_IMPLEMENTED) [nsIUpdateProcessor.getServiceRegKeyExists]"  nsresult: "0x80004001 (NS_ERROR_NOT_IMPLEMENTED)"  location: "JS frame :: resource://gre/modules/BackgroundUpdate.jsm :: _reasonsToNotScheduleUpdates :: line 241"  data: no]
DevTools listening on ws://localhost:56711/devtools/browser/3ff351a5-b815-4c2b-806f-5b9bf9e6e5a3
1691611032860	Marionette	INFO	Listening on port 56735
DevTools listening on ws://localhost:56708/devtools/browser/ad8ec600-69f2-4ffe-bf67-69ea641b5a49
1691611032862	Marionette	INFO	Listening on port 56733
1691611032862	Marionette	INFO	Listening on port 56742
1691611032873	Marionette	INFO	Listening on port 56734
1691611032874	RemoteAgent	WARN	TLS certificate errors will be ignored for this session
console.error: BackgroundUpdate: 
  _reasonsToNotScheduleUpdates: Failed to check for Maintenance Service Registry Key: [Exception... "Component returned failure code: 0x80004001 (NS_ERROR_NOT_IMPLEMENTED) [nsIUpdateProcessor.getServiceRegKeyExists]"  nsresult: "0x80004001 (NS_ERROR_NOT_IMPLEMENTED)"  location: "JS frame :: resource://gre/modules/BackgroundUpdate.jsm :: _reasonsToNotScheduleUpdates :: line 241"  data: no]
DevTools listening on ws://localhost:56709/devtools/browser/30c11461-6a38-4252-a086-b0dcc076000c
1691611032898	Marionette	INFO	Listening on port 56732
1691611032958	RemoteAgent	WARN	TLS certificate errors will be ignored for this session
1691611032965	RemoteAgent	WARN	TLS certificate errors will be ignored for this session
1691611032966	RemoteAgent	WARN	TLS certificate errors will be ignored for this session
1691611032969	RemoteAgent	WARN	TLS certificate errors will be ignored for this session
1691611035091	Marionette	INFO	Stopped listening on port 56742
console.error: QuickSuggest: (new TypeError("NetworkError: Network request failed", "resource://services-settings/Utils.jsm", 132))
1691614483932	Marionette	INFO	Stopped listening on port 56734
1691614784446	Marionette	INFO	Stopped listening on port 56732
1691614784446	Marionette	INFO	Stopped listening on port 56735

###!!! [Parent][PImageBridgeParent] Error: RunMessage(msgname=PImageBridge::Msg_WillClose) Channel closing: too late to send/recv, messages will be lost


###!!! [Parent][PImageBridgeParent] Error: RunMessage(msgname=PImageBridge::Msg_WillClose) Channel closing: too late to send/recv, messages will be lost

1691614785484	Marionette	INFO	Stopped listening on port 56733

###!!! [Parent][PImageBridgeParent] Error: RunMessage(msgname=PImageBridge::Msg_WillClose) Channel closing: too late to send/recv, messages will be lost

1691676720787	geckodriver	INFO	Listening on 127.0.0.1:50258
1691676720798	mozrunner::runner	INFO	Running command: "/Applications/Firefox.app/Contents/MacOS/firefox" "--marionette" "--remote-debugging-port" "50259" "-foreground" "-no-remote" "-profile" "/var/folders/4r/k0h0tqnj05l_kgjxtk6zrp000000gn/T/rust_mozprofile2MBM9n"
1691676721157	Marionette	INFO	Marionette enabled
UNSUPPORTED (log once): POSSIBLE ISSUE: unit 1 GLD_TEXTURE_INDEX_2D is unloadable and bound to sampler type (Float) - using zero texture because texture unloadable
console.warn: SearchSettings: "get: No settings file exists, new profile?" (new NotFoundError("Could not open the file at /var/folders/4r/k0h0tqnj05l_kgjxtk6zrp000000gn/T/rust_mozprofile2MBM9n/search.json.mozlz4", (void 0)))
console.error: BackgroundUpdate: 
  _reasonsToNotScheduleUpdates: Failed to check for Maintenance Service Registry Key: [Exception... "Component returned failure code: 0x80004001 (NS_ERROR_NOT_IMPLEMENTED) [nsIUpdateProcessor.getServiceRegKeyExists]"  nsresult: "0x80004001 (NS_ERROR_NOT_IMPLEMENTED)"  location: "JS frame :: resource://gre/modules/BackgroundUpdate.jsm :: _reasonsToNotScheduleUpdates :: line 241"  data: no]
DevTools listening on ws://localhost:50259/devtools/browser/8c68e722-568b-4f22-8206-9f069bee124a
1691676722005	Marionette	INFO	Listening on port 50275
console.warn: TopSitesFeed: Contile provided more links than permitted. (3 received, limit is 2)
1691676722062	RemoteAgent	WARN	TLS certificate errors will be ignored for this session
1691676726221	Marionette	INFO	Stopped listening on port 50275
JavaScript warning: https://www.google.com/js/th/xjGJsWQcw7a75uMOZzli3G6NfqTxNtUGx8TIPKXR2T4.js line 2 > eval line 7047 > eval line 1 > eval line 1 > eval, line 1: WEBGL_debug_renderer_info is deprecated in Firefox and will be removed. Please use RENDERER.

###!!! [Parent][PContentParent] Error: Send(msgname=PContent::Reply_DiscardBrowsingContext) Closed channel: cannot send/recv


###!!! [Child][PContentChild] Error: RunMessage(msgname=PHttpChannel::Msg_DeleteSelf) Channel closing: too late to send/recv, messages will be lost


###!!! [Parent][PContentParent] Error: Send(msgname=PContent::Msg_DestroyBrowsingContextGroup) Closed channel: cannot send/recv

JavaScript error: resource://gre/modules/Sqlite.jsm, line 1105: Error: Sqlite.jsm has been shutdown. Cannot open connection to: /var/folders/4r/k0h0tqnj05l_kgjxtk6zrp000000gn/T/rust_mozprofile2MBM9n/protections.sqlite
1691676726930	geckodriver	INFO	Listening on 127.0.0.1:50475
1691676726931	geckodriver	INFO	Listening on 127.0.0.1:50470
1691676726934	geckodriver	INFO	Listening on 127.0.0.1:50479
1691676726936	geckodriver	INFO	Listening on 127.0.0.1:50476
1691676726938	geckodriver	INFO	Listening on 127.0.0.1:50474
1691676726940	geckodriver	INFO	Listening on 127.0.0.1:50471
1691676726943	geckodriver	INFO	Listening on 127.0.0.1:50477
1691676726967	mozrunner::runner	INFO	Running command: "/Applications/Firefox.app/Contents/MacOS/firefox" "--marionette" "--remote-debugging-port" "50480" "-foreground" "-no-remote" "-profile" "/var/folders/4r/k0h0tqnj05l_kgjxtk6zrp000000gn/T/rust_mozprofileHyAZKh"
1691676726967	mozrunner::runner	INFO	Running command: "/Applications/Firefox.app/Contents/MacOS/firefox" "--marionette" "--remote-debugging-port" "50473" "-foreground" "-no-remote" "-profile" "/var/folders/4r/k0h0tqnj05l_kgjxtk6zrp000000gn/T/rust_mozprofilejbsUpY"
1691676726967	mozrunner::runner	INFO	Running command: "/Applications/Firefox.app/Contents/MacOS/firefox" "--marionette" "--remote-debugging-port" "50484" "-foreground" "-no-remote" "-profile" "/var/folders/4r/k0h0tqnj05l_kgjxtk6zrp000000gn/T/rust_mozprofileF7EK0x"
1691676726969	mozrunner::runner	INFO	Running command: "/Applications/Firefox.app/Contents/MacOS/firefox" "--marionette" "--remote-debugging-port" "50478" "-foreground" "-no-remote" "-profile" "/var/folders/4r/k0h0tqnj05l_kgjxtk6zrp000000gn/T/rust_mozprofile9aoDya"
1691676726969	mozrunner::runner	INFO	Running command: "/Applications/Firefox.app/Contents/MacOS/firefox" "--marionette" "--remote-debugging-port" "50481" "-foreground" "-no-remote" "-profile" "/var/folders/4r/k0h0tqnj05l_kgjxtk6zrp000000gn/T/rust_mozprofileMn6R0V"
1691676726969	mozrunner::runner	INFO	Running command: "/Applications/Firefox.app/Contents/MacOS/firefox" "--marionette" "--remote-debugging-port" "50472" "-foreground" "-no-remote" "-profile" "/var/folders/4r/k0h0tqnj05l_kgjxtk6zrp000000gn/T/rust_mozprofilexvYRV1"
1691676726969	mozrunner::runner	INFO	Running command: "/Applications/Firefox.app/Contents/MacOS/firefox" "--marionette" "--remote-debugging-port" "50483" "-foreground" "-no-remote" "-profile" "/var/folders/4r/k0h0tqnj05l_kgjxtk6zrp000000gn/T/rust_mozprofile1DabRp"
1691676727432	Marionette	INFO	Marionette enabled
1691676727436	Marionette	INFO	Marionette enabled
1691676727441	Marionette	INFO	Marionette enabled
1691676727449	Marionette	INFO	Marionette enabled
1691676727460	Marionette	INFO	Marionette enabled
1691676727461	Marionette	INFO	Marionette enabled
1691676727464	Marionette	INFO	Marionette enabled
UNSUPPORTED (log once): POSSIBLE ISSUE: unit 1 GLD_TEXTURE_INDEX_2D is unloadable and bound to sampler type (Float) - using zero texture because texture unloadable
UNSUPPORTED (log once): POSSIBLE ISSUE: unit 1 GLD_TEXTURE_INDEX_2D is unloadable and bound to sampler type (Float) - using zero texture because texture unloadable
UNSUPPORTED (log once): POSSIBLE ISSUE: unit 1 GLD_TEXTURE_INDEX_2D is unloadable and bound to sampler type (Float) - using zero texture because texture unloadable
UNSUPPORTED (log once): POSSIBLE ISSUE: unit 1 GLD_TEXTURE_INDEX_2D is unloadable and bound to sampler type (Float) - using zero texture because texture unloadable
UNSUPPORTED (log once): POSSIBLE ISSUE: unit 1 GLD_TEXTURE_INDEX_2D is unloadable and bound to sampler type (Float) - using zero texture because texture unloadable
UNSUPPORTED (log once): POSSIBLE ISSUE: unit 1 GLD_TEXTURE_INDEX_2D is unloadable and bound to sampler type (Float) - using zero texture because texture unloadable
console.warn: SearchSettings: "get: No settings file exists, new profile?" (new NotFoundError("Could not open the file at /var/folders/4r/k0h0tqnj05l_kgjxtk6zrp000000gn/T/rust_mozprofile1DabRp/search.json.mozlz4", (void 0)))
console.warn: SearchSettings: "get: No settings file exists, new profile?" (new NotFoundError("Could not open the file at /var/folders/4r/k0h0tqnj05l_kgjxtk6zrp000000gn/T/rust_mozprofileF7EK0x/search.json.mozlz4", (void 0)))
console.warn: SearchSettings: "get: No settings file exists, new profile?" (new NotFoundError("Could not open the file at /var/folders/4r/k0h0tqnj05l_kgjxtk6zrp000000gn/T/rust_mozprofileMn6R0V/search.json.mozlz4", (void 0)))
console.warn: SearchSettings: "get: No settings file exists, new profile?" (new NotFoundError("Could not open the file at /var/folders/4r/k0h0tqnj05l_kgjxtk6zrp000000gn/T/rust_mozprofilejbsUpY/search.json.mozlz4", (void 0)))
console.warn: SearchSettings: "get: No settings file exists, new profile?" (new NotFoundError("Could not open the file at /var/folders/4r/k0h0tqnj05l_kgjxtk6zrp000000gn/T/rust_mozprofilexvYRV1/search.json.mozlz4", (void 0)))
console.warn: SearchSettings: "get: No settings file exists, new profile?" (new NotFoundError("Could not open the file at /var/folders/4r/k0h0tqnj05l_kgjxtk6zrp000000gn/T/rust_mozprofile9aoDya/search.json.mozlz4", (void 0)))
UNSUPPORTED (log once): POSSIBLE ISSUE: unit 1 GLD_TEXTURE_INDEX_2D is unloadable and bound to sampler type (Float) - using zero texture because texture unloadable
console.error: BackgroundUpdate: 
  _reasonsToNotScheduleUpdates: Failed to check for Maintenance Service Registry Key: [Exception... "Component returned failure code: 0x80004001 (NS_ERROR_NOT_IMPLEMENTED) [nsIUpdateProcessor.getServiceRegKeyExists]"  nsresult: "0x80004001 (NS_ERROR_NOT_IMPLEMENTED)"  location: "JS frame :: resource://gre/modules/BackgroundUpdate.jsm :: _reasonsToNotScheduleUpdates :: line 241"  data: no]
console.error: BackgroundUpdate: 
  _reasonsToNotScheduleUpdates: Failed to check for Maintenance Service Registry Key: [Exception... "Component returned failure code: 0x80004001 (NS_ERROR_NOT_IMPLEMENTED) [nsIUpdateProcessor.getServiceRegKeyExists]"  nsresult: "0x80004001 (NS_ERROR_NOT_IMPLEMENTED)"  location: "JS frame :: resource://gre/modules/BackgroundUpdate.jsm :: _reasonsToNotScheduleUpdates :: line 241"  data: no]
DevTools listening on ws://localhost:50473/devtools/browser/389cd7f3-34d4-40b3-b49f-7136623a1cd6
1691676728621	Marionette	INFO	Listening on port 50515
console.error: BackgroundUpdate: 
  _reasonsToNotScheduleUpdates: Failed to check for Maintenance Service Registry Key: [Exception... "Component returned failure code: 0x80004001 (NS_ERROR_NOT_IMPLEMENTED) [nsIUpdateProcessor.getServiceRegKeyExists]"  nsresult: "0x80004001 (NS_ERROR_NOT_IMPLEMENTED)"  location: "JS frame :: resource://gre/modules/BackgroundUpdate.jsm :: _reasonsToNotScheduleUpdates :: line 241"  data: no]
console.error: BackgroundUpdate: 
  _reasonsToNotScheduleUpdates: Failed to check for Maintenance Service Registry Key: [Exception... "Component returned failure code: 0x80004001 (NS_ERROR_NOT_IMPLEMENTED) [nsIUpdateProcessor.getServiceRegKeyExists]"  nsresult: "0x80004001 (NS_ERROR_NOT_IMPLEMENTED)"  location: "JS frame :: resource://gre/modules/BackgroundUpdate.jsm :: _reasonsToNotScheduleUpdates :: line 241"  data: no]
DevTools listening on ws://localhost:50472/devtools/browser/41d8c486-9274-4aef-afd4-a3151ee5289d
DevTools listening on ws://localhost:50478/devtools/browser/4b3ee766-9ddb-4bde-86bf-1330dd00d08c
console.error: BackgroundUpdate: 
  _reasonsToNotScheduleUpdates: Failed to check for Maintenance Service Registry Key: [Exception... "Component returned failure code: 0x80004001 (NS_ERROR_NOT_IMPLEMENTED) [nsIUpdateProcessor.getServiceRegKeyExists]"  nsresult: "0x80004001 (NS_ERROR_NOT_IMPLEMENTED)"  location: "JS frame :: resource://gre/modules/BackgroundUpdate.jsm :: _reasonsToNotScheduleUpdates :: line 241"  data: no]
DevTools listening on ws://localhost:50484/devtools/browser/9fcac00a-5ec1-4db5-89b7-81ac13aaa31f
1691676728731	Marionette	INFO	Listening on port 50518
1691676728735	Marionette	INFO	Listening on port 50517
console.error: BackgroundUpdate: 
  _reasonsToNotScheduleUpdates: Failed to check for Maintenance Service Registry Key: [Exception... "Component returned failure code: 0x80004001 (NS_ERROR_NOT_IMPLEMENTED) [nsIUpdateProcessor.getServiceRegKeyExists]"  nsresult: "0x80004001 (NS_ERROR_NOT_IMPLEMENTED)"  location: "JS frame :: resource://gre/modules/BackgroundUpdate.jsm :: _reasonsToNotScheduleUpdates :: line 241"  data: no]
DevTools listening on ws://localhost:50483/devtools/browser/7a2fd1d3-ea36-40e9-9052-f1dbbe5a6e6a
1691676728782	RemoteAgent	WARN	TLS certificate errors will be ignored for this session
1691676728798	Marionette	INFO	Listening on port 50513
1691676728820	Marionette	INFO	Listening on port 50516
1691676728839	RemoteAgent	WARN	TLS certificate errors will be ignored for this session
console.warn: SearchSettings: "get: No settings file exists, new profile?" (new NotFoundError("Could not open the file at /var/folders/4r/k0h0tqnj05l_kgjxtk6zrp000000gn/T/rust_mozprofileHyAZKh/search.json.mozlz4", (void 0)))
DevTools listening on ws://localhost:50481/devtools/browser/37761514-4270-44d4-a0e9-ec282c8f816d
1691676728891	RemoteAgent	WARN	TLS certificate errors will be ignored for this session
1691676728902	RemoteAgent	WARN	TLS certificate errors will be ignored for this session
1691676728951	RemoteAgent	WARN	TLS certificate errors will be ignored for this session
1691676728953	Marionette	INFO	Listening on port 50519
console.warn: TopSitesFeed: Contile provided more links than permitted. (3 received, limit is 2)
console.warn: TopSitesFeed: Contile provided more links than permitted. (3 received, limit is 2)
console.warn: TopSitesFeed: Contile provided more links than permitted. (3 received, limit is 2)
1691676729037	RemoteAgent	WARN	TLS certificate errors will be ignored for this session
console.warn: TopSitesFeed: Contile provided more links than permitted. (3 received, limit is 2)
console.error: BackgroundUpdate: 
  _reasonsToNotScheduleUpdates: Failed to check for Maintenance Service Registry Key: [Exception... "Component returned failure code: 0x80004001 (NS_ERROR_NOT_IMPLEMENTED) [nsIUpdateProcessor.getServiceRegKeyExists]"  nsresult: "0x80004001 (NS_ERROR_NOT_IMPLEMENTED)"  location: "JS frame :: resource://gre/modules/BackgroundUpdate.jsm :: _reasonsToNotScheduleUpdates :: line 241"  data: no]
DevTools listening on ws://localhost:50480/devtools/browser/90b5c672-9213-43e0-9fc3-c542539e215a
console.warn: TopSitesFeed: Contile provided more links than permitted. (3 received, limit is 2)
console.warn: TopSitesFeed: Contile provided more links than permitted. (3 received, limit is 2)
console.warn: TopSitesFeed: Contile provided more links than permitted. (3 received, limit is 2)
1691676729190	Marionette	INFO	Listening on port 50514
1691676729300	RemoteAgent	WARN	TLS certificate errors will be ignored for this session
1691676731250	Marionette	INFO	Stopped listening on port 50517
console.error: QuickSuggest: (new TypeError("NetworkError: Network request failed", "resource://services-settings/Utils.jsm", 132))
1691676731805	Marionette	INFO	Stopped listening on port 50519
1691676731899	Marionette	INFO	Stopped listening on port 50518
console.error: QuickSuggest: (new TypeError("NetworkError: Network request failed", "resource://services-settings/Utils.jsm", 132))
console.error: QuickSuggest: (new TypeError("NetworkError: Network request failed", "resource://services-settings/Utils.jsm", 132))
console.error: QuickSuggest: (new TypeError("NetworkError: Network request failed", "resource://services-settings/Utils.jsm", 132))
1691676732045	Marionette	INFO	Stopped listening on port 50513
1691676732087	Marionette	INFO	Stopped listening on port 50514
console.error: QuickSuggest: (new TypeError("NetworkError: Network request failed", "resource://services-settings/Utils.jsm", 132))
console.error: QuickSuggest: (new TypeError("NetworkError: Network request failed", "resource://services-settings/Utils.jsm", 132))
1691676732239	Marionette	INFO	Stopped listening on port 50515
1691676732533	Marionette	INFO	Stopped listening on port 50516
console.error: QuickSuggest: (new TypeError("NetworkError: Network request failed", "resource://services-settings/Utils.jsm", 132))

###!!! [Parent][PImageBridgeParent] Error: RunMessage(msgname=PImageBridge::Msg_WillClose) Channel closing: too late to send/recv, messages will be lost

console.error: QuickSuggest: (new TypeError("NetworkError: Network request failed", "resource://services-settings/Utils.jsm", 132))
