1689734934135	geckodriver	INFO	Listening on 127.0.0.1:64823
1689734934175	mozrunner::runner	INFO	Running command: "/Applications/Firefox.app/Contents/MacOS/firefox-bin" "--marionette" "--remote-debugging-port" "64824" "-foreground" "-no-remote" "-profile" "/var/folders/4r/k0h0tqnj05l_kgjxtk6zrp000000gn/T/rust_mozprofilesr6ij1"
1689734934493	Marionette	INFO	Marionette enabled
UNSUPPORTED (log once): POSSIBLE ISSUE: unit 1 GLD_TEXTURE_INDEX_2D is unloadable and bound to sampler type (Float) - using zero texture because texture unloadable
console.warn: SearchSettings: "get: No settings file exists, new profile?" (new NotFoundError("Could not open the file at /var/folders/4r/k0h0tqnj05l_kgjxtk6zrp000000gn/T/rust_mozprofilesr6ij1/search.json.mozlz4", (void 0)))
console.error: BackgroundUpdate: 
  _reasonsToNotScheduleUpdates: Failed to check for Maintenance Service Registry Key: [Exception... "Component returned failure code: 0x80004001 (NS_ERROR_NOT_IMPLEMENTED) [nsIUpdateProcessor.getServiceRegKeyExists]"  nsresult: "0x80004001 (NS_ERROR_NOT_IMPLEMENTED)"  location: "JS frame :: resource://gre/modules/BackgroundUpdate.jsm :: _reasonsToNotScheduleUpdates :: line 241"  data: no]
DevTools listening on ws://localhost:64824/devtools/browser/56f5dac5-f209-4c4e-a00c-fb2935a5c134
1689734935375	Marionette	INFO	Listening on port 64829
1689734935421	RemoteAgent	WARN	TLS certificate errors will be ignored for this session
console.warn: TopSitesFeed: Contile provided more links than permitted. (3 received, limit is 2)
JavaScript warning: https://www.google.com/js/th/vywNy2LuRYAQKTxUAtYbBQpEuSiPnvrhm8tzqkanqwc.js line 2 > eval line 1979 > eval line 1 > eval line 1 > eval, line 1: WEBGL_debug_renderer_info is deprecated in Firefox and will be removed. Please use RENDERER.
1689734940059	Marionette	INFO	Stopped listening on port 64829
JavaScript warning: https://www.google.com/js/th/vywNy2LuRYAQKTxUAtYbBQpEuSiPnvrhm8tzqkanqwc.js line 2 > eval line 4174 > eval line 1 > eval line 1 > eval, line 1: WEBGL_debug_renderer_info is deprecated in Firefox and will be removed. Please use RENDERER.
JavaScript error: resource://gre/modules/Sqlite.jsm, line 1105: Error: Sqlite.jsm has been shutdown. Cannot open connection to: /var/folders/4r/k0h0tqnj05l_kgjxtk6zrp000000gn/T/rust_mozprofilesr6ij1/protections.sqlite
1689734940449	geckodriver	INFO	Listening on 127.0.0.1:64934
1689734940451	geckodriver	INFO	Listening on 127.0.0.1:64939
1689734940453	geckodriver	INFO	Listening on 127.0.0.1:64932
1689734940456	geckodriver	INFO	Listening on 127.0.0.1:64933
1689734940457	geckodriver	INFO	Listening on 127.0.0.1:64938
1689734940460	geckodriver	INFO	Listening on 127.0.0.1:64947
1689734940461	geckodriver	INFO	Listening on 127.0.0.1:64941
1689734940462	geckodriver	INFO	Listening on 127.0.0.1:64949
1689734940466	geckodriver	INFO	Listening on 127.0.0.1:64942
1689734940467	geckodriver	INFO	Listening on 127.0.0.1:64945
1689734940468	mozrunner::runner	INFO	Running command: "/Applications/Firefox.app/Contents/MacOS/firefox-bin" "--marionette" "--remote-debugging-port" "64936" "-foreground" "-no-remote" "-profile" "/var/folders/4r/k0h0tqnj05l_kgjxtk6zrp000000gn/T/rust_mozprofilenMYDN1"
1689734940470	geckodriver	INFO	Listening on 127.0.0.1:64948
1689734940473	geckodriver	INFO	Listening on 127.0.0.1:64951
1689734940478	geckodriver	INFO	Listening on 127.0.0.1:64987
1689734940483	mozrunner::runner	INFO	Running command: "/Applications/Firefox.app/Contents/MacOS/firefox-bin" "--marionette" "--remote-debugging-port" "64940" "-foreground" "-no-remote" "-profile" "/var/folders/4r/k0h0tqnj05l_kgjxtk6zrp000000gn/T/rust_mozprofileBpoLcO"
1689734940484	mozrunner::runner	INFO	Running command: "/Applications/Firefox.app/Contents/MacOS/firefox-bin" "--marionette" "--remote-debugging-port" "64935" "-foreground" "-no-remote" "-profile" "/var/folders/4r/k0h0tqnj05l_kgjxtk6zrp000000gn/T/rust_mozprofileoHugcn"
1689734940484	mozrunner::runner	INFO	Running command: "/Applications/Firefox.app/Contents/MacOS/firefox-bin" "--marionette" "--remote-debugging-port" "64937" "-foreground" "-no-remote" "-profile" "/var/folders/4r/k0h0tqnj05l_kgjxtk6zrp000000gn/T/rust_mozprofile0uqoqR"
1689734940498	mozrunner::runner	INFO	Running command: "/Applications/Firefox.app/Contents/MacOS/firefox-bin" "--marionette" "--remote-debugging-port" "64957" "-foreground" "-no-remote" "-profile" "/var/folders/4r/k0h0tqnj05l_kgjxtk6zrp000000gn/T/rust_mozprofileeoQeav"
1689734940498	mozrunner::runner	INFO	Running command: "/Applications/Firefox.app/Contents/MacOS/firefox-bin" "--marionette" "--remote-debugging-port" "64953" "-foreground" "-no-remote" "-profile" "/var/folders/4r/k0h0tqnj05l_kgjxtk6zrp000000gn/T/rust_mozprofilewFJuC3"
1689734940502	mozrunner::runner	INFO	Running command: "/Applications/Firefox.app/Contents/MacOS/firefox-bin" "--marionette" "--remote-debugging-port" "64944" "-foreground" "-no-remote" "-profile" "/var/folders/4r/k0h0tqnj05l_kgjxtk6zrp000000gn/T/rust_mozprofileT7RDnW"
1689734940502	mozrunner::runner	INFO	Running command: "/Applications/Firefox.app/Contents/MacOS/firefox-bin" "--marionette" "--remote-debugging-port" "64962" "-foreground" "-no-remote" "-profile" "/var/folders/4r/k0h0tqnj05l_kgjxtk6zrp000000gn/T/rust_mozprofileToLPRL"
1689734940502	mozrunner::runner	INFO	Running command: "/Applications/Firefox.app/Contents/MacOS/firefox-bin" "--marionette" "--remote-debugging-port" "64952" "-foreground" "-no-remote" "-profile" "/var/folders/4r/k0h0tqnj05l_kgjxtk6zrp000000gn/T/rust_mozprofile57RpLB"
1689734940503	mozrunner::runner	INFO	Running command: "/Applications/Firefox.app/Contents/MacOS/firefox-bin" "--marionette" "--remote-debugging-port" "64954" "-foreground" "-no-remote" "-profile" "/var/folders/4r/k0h0tqnj05l_kgjxtk6zrp000000gn/T/rust_mozprofileJo7lqY"
1689734940503	mozrunner::runner	INFO	Running command: "/Applications/Firefox.app/Contents/MacOS/firefox-bin" "--marionette" "--remote-debugging-port" "64943" "-foreground" "-no-remote" "-profile" "/var/folders/4r/k0h0tqnj05l_kgjxtk6zrp000000gn/T/rust_mozprofileUEDDxP"
1689734940503	mozrunner::runner	INFO	Running command: "/Applications/Firefox.app/Contents/MacOS/firefox-bin" "--marionette" "--remote-debugging-port" "64990" "-foreground" "-no-remote" "-profile" "/var/folders/4r/k0h0tqnj05l_kgjxtk6zrp000000gn/T/rust_mozprofilekWGgy4"
1689734940503	mozrunner::runner	INFO	Running command: "/Applications/Firefox.app/Contents/MacOS/firefox-bin" "--marionette" "--remote-debugging-port" "64956" "-foreground" "-no-remote" "-profile" "/var/folders/4r/k0h0tqnj05l_kgjxtk6zrp000000gn/T/rust_mozprofileU8f8lL"
1689734941249	Marionette	INFO	Marionette enabled
1689734941263	Marionette	INFO	Marionette enabled
1689734941275	Marionette	INFO	Marionette enabled
1689734941276	Marionette	INFO	Marionette enabled
1689734941310	Marionette	INFO	Marionette enabled
1689734941323	Marionette	INFO	Marionette enabled
1689734941324	Marionette	INFO	Marionette enabled
1689734941379	Marionette	INFO	Marionette enabled
1689734941419	Marionette	INFO	Marionette enabled
1689734941535	Marionette	INFO	Marionette enabled
1689734941577	Marionette	INFO	Marionette enabled
1689734941594	Marionette	INFO	Marionette enabled
1689734941983	Marionette	INFO	Marionette enabled
UNSUPPORTED (log once): POSSIBLE ISSUE: unit 1 GLD_TEXTURE_INDEX_2D is unloadable and bound to sampler type (Float) - using zero texture because texture unloadable
UNSUPPORTED (log once): POSSIBLE ISSUE: unit 1 GLD_TEXTURE_INDEX_2D is unloadable and bound to sampler type (Float) - using zero texture because texture unloadable
UNSUPPORTED (log once): POSSIBLE ISSUE: unit 1 GLD_TEXTURE_INDEX_2D is unloadable and bound to sampler type (Float) - using zero texture because texture unloadable
UNSUPPORTED (log once): POSSIBLE ISSUE: unit 1 GLD_TEXTURE_INDEX_2D is unloadable and bound to sampler type (Float) - using zero texture because texture unloadable
UNSUPPORTED (log once): POSSIBLE ISSUE: unit 1 GLD_TEXTURE_INDEX_2D is unloadable and bound to sampler type (Float) - using zero texture because texture unloadable
UNSUPPORTED (log once): POSSIBLE ISSUE: unit 1 GLD_TEXTURE_INDEX_2D is unloadable and bound to sampler type (Float) - using zero texture because texture unloadable
UNSUPPORTED (log once): POSSIBLE ISSUE: unit 1 GLD_TEXTURE_INDEX_2D is unloadable and bound to sampler type (Float) - using zero texture because texture unloadable
UNSUPPORTED (log once): POSSIBLE ISSUE: unit 1 GLD_TEXTURE_INDEX_2D is unloadable and bound to sampler type (Float) - using zero texture because texture unloadable
UNSUPPORTED (log once): POSSIBLE ISSUE: unit 1 GLD_TEXTURE_INDEX_2D is unloadable and bound to sampler type (Float) - using zero texture because texture unloadable
UNSUPPORTED (log once): POSSIBLE ISSUE: unit 1 GLD_TEXTURE_INDEX_2D is unloadable and bound to sampler type (Float) - using zero texture because texture unloadable
UNSUPPORTED (log once): POSSIBLE ISSUE: unit 1 GLD_TEXTURE_INDEX_2D is unloadable and bound to sampler type (Float) - using zero texture because texture unloadable
UNSUPPORTED (log once): POSSIBLE ISSUE: unit 1 GLD_TEXTURE_INDEX_2D is unloadable and bound to sampler type (Float) - using zero texture because texture unloadable
console.warn: SearchSettings: "get: No settings file exists, new profile?" (new NotFoundError("Could not open the file at /var/folders/4r/k0h0tqnj05l_kgjxtk6zrp000000gn/T/rust_mozprofilewFJuC3/search.json.mozlz4", (void 0)))
console.warn: SearchSettings: "get: No settings file exists, new profile?" (new NotFoundError("Could not open the file at /var/folders/4r/k0h0tqnj05l_kgjxtk6zrp000000gn/T/rust_mozprofileToLPRL/search.json.mozlz4", (void 0)))
console.warn: SearchSettings: "get: No settings file exists, new profile?" (new NotFoundError("Could not open the file at /var/folders/4r/k0h0tqnj05l_kgjxtk6zrp000000gn/T/rust_mozprofileJo7lqY/search.json.mozlz4", (void 0)))
console.warn: SearchSettings: "get: No settings file exists, new profile?" (new NotFoundError("Could not open the file at /var/folders/4r/k0h0tqnj05l_kgjxtk6zrp000000gn/T/rust_mozprofileUEDDxP/search.json.mozlz4", (void 0)))
console.warn: SearchSettings: "get: No settings file exists, new profile?" (new NotFoundError("Could not open the file at /var/folders/4r/k0h0tqnj05l_kgjxtk6zrp000000gn/T/rust_mozprofileeoQeav/search.json.mozlz4", (void 0)))
console.warn: SearchSettings: "get: No settings file exists, new profile?" (new NotFoundError("Could not open the file at /var/folders/4r/k0h0tqnj05l_kgjxtk6zrp000000gn/T/rust_mozprofileU8f8lL/search.json.mozlz4", (void 0)))
DevTools listening on ws://localhost:64962/devtools/browser/cb2cd1f3-5d4a-4736-a3e4-2bb4b256a2d7
DevTools listening on ws://localhost:64953/devtools/browser/a97b4309-fe03-45a9-888b-1a71f5a09163
1689734943422	Marionette	INFO	Listening on port 65023
console.error: BackgroundUpdate: 
  _reasonsToNotScheduleUpdates: Failed to check for Maintenance Service Registry Key: [Exception... "Component returned failure code: 0x80004001 (NS_ERROR_NOT_IMPLEMENTED) [nsIUpdateProcessor.getServiceRegKeyExists]"  nsresult: "0x80004001 (NS_ERROR_NOT_IMPLEMENTED)"  location: "JS frame :: resource://gre/modules/BackgroundUpdate.jsm :: _reasonsToNotScheduleUpdates :: line 241"  data: no]
1689734943444	Marionette	INFO	Listening on port 65017
console.warn: SearchSettings: "get: No settings file exists, new profile?" (new NotFoundError("Could not open the file at /var/folders/4r/k0h0tqnj05l_kgjxtk6zrp000000gn/T/rust_mozprofile0uqoqR/search.json.mozlz4", (void 0)))
console.warn: SearchSettings: "get: No settings file exists, new profile?" (new NotFoundError("Could not open the file at /var/folders/4r/k0h0tqnj05l_kgjxtk6zrp000000gn/T/rust_mozprofilekWGgy4/search.json.mozlz4", (void 0)))
DevTools listening on ws://localhost:64954/devtools/browser/0c672e51-aafd-4ca2-8a90-927f19e7c6b1
console.error: BackgroundUpdate: 
  _reasonsToNotScheduleUpdates: Failed to check for Maintenance Service Registry Key: [Exception... "Component returned failure code: 0x80004001 (NS_ERROR_NOT_IMPLEMENTED) [nsIUpdateProcessor.getServiceRegKeyExists]"  nsresult: "0x80004001 (NS_ERROR_NOT_IMPLEMENTED)"  location: "JS frame :: resource://gre/modules/BackgroundUpdate.jsm :: _reasonsToNotScheduleUpdates :: line 241"  data: no]
1689734943521	Marionette	INFO	Listening on port 65021
DevTools listening on ws://localhost:64957/devtools/browser/8ac31554-0960-46e0-a5df-290f7483da47
DevTools listening on ws://localhost:64943/devtools/browser/698096e0-63ca-46ed-9d4b-8c3b213fc28c
console.error: BackgroundUpdate: 
  _reasonsToNotScheduleUpdates: Failed to check for Maintenance Service Registry Key: [Exception... "Component returned failure code: 0x80004001 (NS_ERROR_NOT_IMPLEMENTED) [nsIUpdateProcessor.getServiceRegKeyExists]"  nsresult: "0x80004001 (NS_ERROR_NOT_IMPLEMENTED)"  location: "JS frame :: resource://gre/modules/BackgroundUpdate.jsm :: _reasonsToNotScheduleUpdates :: line 241"  data: no]
console.error: BackgroundUpdate: 
  _reasonsToNotScheduleUpdates: Failed to check for Maintenance Service Registry Key: [Exception... "Component returned failure code: 0x80004001 (NS_ERROR_NOT_IMPLEMENTED) [nsIUpdateProcessor.getServiceRegKeyExists]"  nsresult: "0x80004001 (NS_ERROR_NOT_IMPLEMENTED)"  location: "JS frame :: resource://gre/modules/BackgroundUpdate.jsm :: _reasonsToNotScheduleUpdates :: line 241"  data: no]
1689734943562	Marionette	INFO	Listening on port 65020
DevTools listening on ws://localhost:64956/devtools/browser/17aff612-7ae6-47a3-ac8f-77d47030a881
console.error: BackgroundUpdate: 
  _reasonsToNotScheduleUpdates: Failed to check for Maintenance Service Registry Key: [Exception... "Component returned failure code: 0x80004001 (NS_ERROR_NOT_IMPLEMENTED) [nsIUpdateProcessor.getServiceRegKeyExists]"  nsresult: "0x80004001 (NS_ERROR_NOT_IMPLEMENTED)"  location: "JS frame :: resource://gre/modules/BackgroundUpdate.jsm :: _reasonsToNotScheduleUpdates :: line 241"  data: no]
1689734943617	Marionette	INFO	Listening on port 65019
1689734943655	Marionette	INFO	Listening on port 65025
DevTools listening on ws://localhost:64937/devtools/browser/566ddedf-eada-4f10-958b-067bc4b1f06b
console.error: BackgroundUpdate: 
  _reasonsToNotScheduleUpdates: Failed to check for Maintenance Service Registry Key: [Exception... "Component returned failure code: 0x80004001 (NS_ERROR_NOT_IMPLEMENTED) [nsIUpdateProcessor.getServiceRegKeyExists]"  nsresult: "0x80004001 (NS_ERROR_NOT_IMPLEMENTED)"  location: "JS frame :: resource://gre/modules/BackgroundUpdate.jsm :: _reasonsToNotScheduleUpdates :: line 241"  data: no]
console.error: BackgroundUpdate: 
  _reasonsToNotScheduleUpdates: Failed to check for Maintenance Service Registry Key: [Exception... "Component returned failure code: 0x80004001 (NS_ERROR_NOT_IMPLEMENTED) [nsIUpdateProcessor.getServiceRegKeyExists]"  nsresult: "0x80004001 (NS_ERROR_NOT_IMPLEMENTED)"  location: "JS frame :: resource://gre/modules/BackgroundUpdate.jsm :: _reasonsToNotScheduleUpdates :: line 241"  data: no]
1689734943682	Marionette	INFO	Listening on port 64997
console.error: BackgroundUpdate: 
  _reasonsToNotScheduleUpdates: Failed to check for Maintenance Service Registry Key: [Exception... "Component returned failure code: 0x80004001 (NS_ERROR_NOT_IMPLEMENTED) [nsIUpdateProcessor.getServiceRegKeyExists]"  nsresult: "0x80004001 (NS_ERROR_NOT_IMPLEMENTED)"  location: "JS frame :: resource://gre/modules/BackgroundUpdate.jsm :: _reasonsToNotScheduleUpdates :: line 241"  data: no]
DevTools listening on ws://localhost:64990/devtools/browser/c50fe5c3-9d85-40f5-870b-4b38629487dd
console.warn: SearchSettings: "get: No settings file exists, new profile?" (new NotFoundError("Could not open the file at /var/folders/4r/k0h0tqnj05l_kgjxtk6zrp000000gn/T/rust_mozprofileT7RDnW/search.json.mozlz4", (void 0)))
1689734943786	Marionette	INFO	Listening on port 65024
console.warn: SearchSettings: "get: No settings file exists, new profile?" (new NotFoundError("Could not open the file at /var/folders/4r/k0h0tqnj05l_kgjxtk6zrp000000gn/T/rust_mozprofileoHugcn/search.json.mozlz4", (void 0)))
console.warn: SearchSettings: "get: No settings file exists, new profile?" (new NotFoundError("Could not open the file at /var/folders/4r/k0h0tqnj05l_kgjxtk6zrp000000gn/T/rust_mozprofileBpoLcO/search.json.mozlz4", (void 0)))
console.error: BackgroundUpdate: 
  _reasonsToNotScheduleUpdates: Failed to check for Maintenance Service Registry Key: [Exception... "Component returned failure code: 0x80004001 (NS_ERROR_NOT_IMPLEMENTED) [nsIUpdateProcessor.getServiceRegKeyExists]"  nsresult: "0x80004001 (NS_ERROR_NOT_IMPLEMENTED)"  location: "JS frame :: resource://gre/modules/BackgroundUpdate.jsm :: _reasonsToNotScheduleUpdates :: line 241"  data: no]
DevTools listening on ws://localhost:64944/devtools/browser/df4fd02f-6e48-4d4b-a426-44428fec6c1c
console.warn: SearchSettings: "get: No settings file exists, new profile?" (new NotFoundError("Could not open the file at /var/folders/4r/k0h0tqnj05l_kgjxtk6zrp000000gn/T/rust_mozprofilenMYDN1/search.json.mozlz4", (void 0)))
1689734944030	Marionette	INFO	Listening on port 65018
DevTools listening on ws://localhost:64935/devtools/browser/c3e5abf9-c60c-4986-b05b-96114dada137
1689734944084	RemoteAgent	WARN	TLS certificate errors will be ignored for this session
1689734944084	Marionette	INFO	Listening on port 64995
console.error: BackgroundUpdate: 
  _reasonsToNotScheduleUpdates: Failed to check for Maintenance Service Registry Key: [Exception... "Component returned failure code: 0x80004001 (NS_ERROR_NOT_IMPLEMENTED) [nsIUpdateProcessor.getServiceRegKeyExists]"  nsresult: "0x80004001 (NS_ERROR_NOT_IMPLEMENTED)"  location: "JS frame :: resource://gre/modules/BackgroundUpdate.jsm :: _reasonsToNotScheduleUpdates :: line 241"  data: no]
1689734944243	RemoteAgent	WARN	TLS certificate errors will be ignored for this session
1689734944253	RemoteAgent	WARN	TLS certificate errors will be ignored for this session
1689734944255	RemoteAgent	WARN	TLS certificate errors will be ignored for this session
DevTools listening on ws://localhost:64936/devtools/browser/fe936acb-3c9b-479c-9fc5-7eead580e6ca
console.error: BackgroundUpdate: 
  _reasonsToNotScheduleUpdates: Failed to check for Maintenance Service Registry Key: [Exception... "Component returned failure code: 0x80004001 (NS_ERROR_NOT_IMPLEMENTED) [nsIUpdateProcessor.getServiceRegKeyExists]"  nsresult: "0x80004001 (NS_ERROR_NOT_IMPLEMENTED)"  location: "JS frame :: resource://gre/modules/BackgroundUpdate.jsm :: _reasonsToNotScheduleUpdates :: line 241"  data: no]
1689734944309	Marionette	INFO	Listening on port 64971
1689734944376	RemoteAgent	WARN	TLS certificate errors will be ignored for this session
1689734944389	RemoteAgent	WARN	TLS certificate errors will be ignored for this session
1689734944438	RemoteAgent	WARN	TLS certificate errors will be ignored for this session
1689734944474	RemoteAgent	WARN	TLS certificate errors will be ignored for this session
1689734944531	RemoteAgent	WARN	TLS certificate errors will be ignored for this session
1689734944647	RemoteAgent	WARN	TLS certificate errors will be ignored for this session
1689734944670	RemoteAgent	WARN	TLS certificate errors will be ignored for this session
console.warn: TopSitesFeed: Contile provided more links than permitted. (3 received, limit is 2)
console.warn: TopSitesFeed: Contile provided more links than permitted. (3 received, limit is 2)
console.warn: TopSitesFeed: Contile provided more links than permitted. (3 received, limit is 2)
console.warn: TopSitesFeed: Contile provided more links than permitted. (3 received, limit is 2)
console.error: BackgroundUpdate: 
  _reasonsToNotScheduleUpdates: Failed to check for Maintenance Service Registry Key: [Exception... "Component returned failure code: 0x80004001 (NS_ERROR_NOT_IMPLEMENTED) [nsIUpdateProcessor.getServiceRegKeyExists]"  nsresult: "0x80004001 (NS_ERROR_NOT_IMPLEMENTED)"  location: "JS frame :: resource://gre/modules/BackgroundUpdate.jsm :: _reasonsToNotScheduleUpdates :: line 241"  data: no]
DevTools listening on ws://localhost:64940/devtools/browser/5d1235eb-a807-4341-bcf8-14d131725dd4
1689734947336	Marionette	INFO	Listening on port 64994
1689734947422	RemoteAgent	WARN	TLS certificate errors will be ignored for this session
console.warn: TopSitesFeed: Contile provided more links than permitted. (3 received, limit is 2)
UNSUPPORTED (log once): POSSIBLE ISSUE: unit 1 GLD_TEXTURE_INDEX_2D is unloadable and bound to sampler type (Float) - using zero texture because texture unloadable
console.warn: SearchSettings: "get: No settings file exists, new profile?" (new NotFoundError("Could not open the file at /var/folders/4r/k0h0tqnj05l_kgjxtk6zrp000000gn/T/rust_mozprofile57RpLB/search.json.mozlz4", (void 0)))
console.error: BackgroundUpdate: 
  _reasonsToNotScheduleUpdates: Failed to check for Maintenance Service Registry Key: [Exception... "Component returned failure code: 0x80004001 (NS_ERROR_NOT_IMPLEMENTED) [nsIUpdateProcessor.getServiceRegKeyExists]"  nsresult: "0x80004001 (NS_ERROR_NOT_IMPLEMENTED)"  location: "JS frame :: resource://gre/modules/BackgroundUpdate.jsm :: _reasonsToNotScheduleUpdates :: line 241"  data: no]
DevTools listening on ws://localhost:64952/devtools/browser/0a6f7196-a937-441a-b5ad-a3e9f7763e39
1689734948442	Marionette	INFO	Listening on port 65022
1689734948678	RemoteAgent	WARN	TLS certificate errors will be ignored for this session
1689734948839	Marionette	INFO	Stopped listening on port 65023
console.warn: TopSitesFeed: Contile provided more links than permitted. (3 received, limit is 2)

###!!! [Child][PContentChild] Error: RunMessage(msgname=PHttpChannel::Msg_DeleteSelf) Channel closing: too late to send/recv, messages will be lost


###!!! [Child][PContentChild] Error: RunMessage(msgname=PHttpChannel::Msg_DeleteSelf) Channel closing: too late to send/recv, messages will be lost


###!!! [Child][PContentChild] Error: RunMessage(msgname=PHttpChannel::Msg_DeleteSelf) Channel closing: too late to send/recv, messages will be lost


###!!! [Child][PContentChild] Error: RunMessage(msgname=PWebSocket::Msg___delete__) Channel closing: too late to send/recv, messages will be lost


###!!! [Child][PContentChild] Error: RunMessage(msgname=PHttpChannel::Msg_DeleteSelf) Channel closing: too late to send/recv, messages will be lost


###!!! [Child][PContentChild] Error: RunMessage(msgname=PHttpChannel::Msg_DeleteSelf) Channel closing: too late to send/recv, messages will be lost


###!!! [Child][PContentChild] Error: RunMessage(msgname=PHttpChannel::Msg_DeleteSelf) Channel closing: too late to send/recv, messages will be lost


###!!! [Child][PContentChild] Error: RunMessage(msgname=PHttpChannel::Msg_DeleteSelf) Channel closing: too late to send/recv, messages will be lost


###!!! [Child][PContentChild] Error: RunMessage(msgname=PHttpChannel::Msg_DeleteSelf) Channel closing: too late to send/recv, messages will be lost

console.error: QuickSuggest: (new TypeError("NetworkError: Network request failed", "resource://services-settings/Utils.jsm", 132))
console.error: QuickSuggest: (new TypeError("NetworkError: Network request failed", "resource://services-settings/Utils.jsm", 132))
1689734949541	Marionette	INFO	Stopped listening on port 65021

###!!! [Child][PContentChild] Error: Send(msgname=PNecko::Msg_RemoveRequestContext) Channel closing: too late to send/recv, messages will be lost


###!!! [Child][PContentChild] Error: RunMessage(msgname=PHttpChannel::Msg_DeleteSelf) Channel closing: too late to send/recv, messages will be lost


###!!! [Child][PContentChild] Error: RunMessage(msgname=PHttpChannel::Msg_DeleteSelf) Channel closing: too late to send/recv, messages will be lost


###!!! [Child][PContentChild] Error: RunMessage(msgname=PWebSocket::Msg___delete__) Channel closing: too late to send/recv, messages will be lost


###!!! [Child][PContentChild] Error: RunMessage(msgname=PWebSocket::Msg___delete__) Channel closing: too late to send/recv, messages will be lost

console.error: QuickSuggest: (new TypeError("NetworkError: Network request failed", "resource://services-settings/Utils.jsm", 132))

###!!! [Parent][PImageBridgeParent] Error: RunMessage(msgname=PImageBridge::Msg_WillClose) Channel closing: too late to send/recv, messages will be lost

console.error: QuickSuggest: (new TypeError("NetworkError: Network request failed", "resource://services-settings/Utils.jsm", 132))

###!!! [Parent][PBackgroundParent] Error: RunMessage(msgname=PRemoteWorkerService::Msg___delete__) Channel closing: too late to send/recv, messages will be lost


###!!! [Parent][PImageBridgeParent] Error: RunMessage(msgname=PImageBridge::Msg_WillClose) Channel closing: too late to send/recv, messages will be lost

1689734953200	Marionette	INFO	Stopped listening on port 65022

###!!! [Child][PContentChild] Error: Send(msgname=PHttpChannel::Msg___delete__) Channel closing: too late to send/recv, messages will be lost


###!!! [Child][PContentChild] Error: Send(msgname=PNecko::Msg_RemoveRequestContext) Channel closing: too late to send/recv, messages will be lost


###!!! [Child][PContentChild] Error: RunMessage(msgname=PHttpChannel::Msg_DeleteSelf) Channel closing: too late to send/recv, messages will be lost


###!!! [Child][PContentChild] Error: RunMessage(msgname=PHttpChannel::Msg_DeleteSelf) Channel closing: too late to send/recv, messages will be lost

console.error: QuickSuggest: (new TypeError("NetworkError: Network request failed", "resource://services-settings/Utils.jsm", 132))
1689734955626	Marionette	INFO	Stopped listening on port 64994
console.error: QuickSuggest: (new TypeError("NetworkError: Network request failed", "resource://services-settings/Utils.jsm", 132))
console.error: QuickSuggest: (new TypeError("NetworkError: Network request failed", "resource://services-settings/Utils.jsm", 132))
1689734957751	Marionette	INFO	Stopped listening on port 64997

###!!! [Parent][PImageBridgeParent] Error: RunMessage(msgname=PImageBridge::Msg_WillClose) Channel closing: too late to send/recv, messages will be lost

1689734969064	Marionette	INFO	Stopped listening on port 65020
1689734969321	Marionette	INFO	Stopped listening on port 65017

###!!! [Parent][PImageBridgeParent] Error: RunMessage(msgname=PImageBridge::Msg_WillClose) Channel closing: too late to send/recv, messages will be lost

1689734969978	Marionette	INFO	Stopped listening on port 64971

###!!! [Child][PContentChild] Error: RunMessage(msgname=PWebSocket::Msg___delete__) Channel closing: too late to send/recv, messages will be lost


###!!! [Child][PContentChild] Error: RunMessage(msgname=PWebSocket::Msg___delete__) Channel closing: too late to send/recv, messages will be lost


###!!! [Child][PContentChild] Error: RunMessage(msgname=PWebSocket::Msg___delete__) Channel closing: too late to send/recv, messages will be lost

1689734970861	Marionette	INFO	Stopped listening on port 65024
1689734970884	Marionette	INFO	Stopped listening on port 65025

###!!! [Child][PContentChild] Error: RunMessage(msgname=PWebSocket::Msg___delete__) Channel closing: too late to send/recv, messages will be lost


###!!! [Child][PContentChild] Error: RunMessage(msgname=PWebSocket::Msg___delete__) Channel closing: too late to send/recv, messages will be lost


###!!! [Child][PContentChild] Error: RunMessage(msgname=PWebSocket::Msg___delete__) Channel closing: too late to send/recv, messages will be lost


###!!! [Parent][PImageBridgeParent] Error: RunMessage(msgname=PImageBridge::Msg_WillClose) Channel closing: too late to send/recv, messages will be lost

1689734972258	Marionette	INFO	Stopped listening on port 65018

###!!! [Child][PContentChild] Error: RunMessage(msgname=PWebSocket::Msg_OnStop) Channel closing: too late to send/recv, messages will be lost

1689734973986	Marionette	INFO	Stopped listening on port 65019
1689734977033	Marionette	INFO	Stopped listening on port 64995

###!!! [Child][PContentChild] Error: RunMessage(msgname=PWebSocket::Msg_OnStop) Channel closing: too late to send/recv, messages will be lost


###!!! [Parent][PImageBridgeParent] Error: RunMessage(msgname=PImageBridge::Msg_WillClose) Channel closing: too late to send/recv, messages will be lost

